2025-01-23 09:33:48,094 INFO: Попытка авторизации по токену [in /root/moy_sklad_api/./app.py:187]
2025-01-23 09:33:48,215 INFO: Токен успешно сохранен в сессии [in /root/moy_sklad_api/./app.py:222]
2025-01-23 09:33:48,264 INFO: Токен сохранен в базе данных [in /root/moy_sklad_api/./app.py:247]
2025-01-23 09:36:00,487 INFO: Получены данные для сохранения токена [in /root/moy_sklad_api/./app.py:179]
2025-01-23 09:36:00,491 INFO: Headers: Host: 116.203.125.36:5000
Connection: keep-alive
Content-Length: 59
User-Agent: Mozilla/5.0 (Macintosh; Intel Mac OS X 10_15_7) AppleWebKit/537.36 (KHTML, like Gecko) Chrome/131.0.0.0 Safari/537.36
Dnt: 1
Content-Type: application/json
Accept: */*
Origin: http://116.203.125.36:5000
Referer: http://116.203.125.36:5000/
Accept-Encoding: gzip, deflate
Accept-Language: en-US,en;q=0.9,ru;q=0.8
Cookie: PHPSESSID=ofqd1f7kp58v9210jvvdke9523; session=eyJtc190b2tlbiI6IjAyYmYyYjUyMmY5YmI3NjcxMjQ1YjFjODI1ZTlkNjY5YTdjZDU4MWEiLCJ1c2VyX2lkIjoyfQ.Z5HUvA.M7PYN5MYynXLTHwMQV0PPFYnH2A

 [in /root/moy_sklad_api/./app.py:180]
2025-01-23 09:36:00,498 INFO: Data: b'{"access_token":"02bf2b522f9bb7671245b1c825e9d669a7cd581a"}' [in /root/moy_sklad_api/./app.py:181]
2025-01-23 09:36:00,499 INFO: Получены JSON данные [in /root/moy_sklad_api/./app.py:191]
2025-01-23 09:36:00,499 INFO: Попытка авторизации по токену [in /root/moy_sklad_api/./app.py:206]
2025-01-23 09:36:00,515 INFO: Токен успешно сохранен в сессии [in /root/moy_sklad_api/./app.py:216]
2025-01-23 09:36:00,523 INFO: Токен сохранен в базе данных [in /root/moy_sklad_api/./app.py:225]
2025-01-23 09:38:25,678 INFO: Получены данные для сохранения токена [in /root/moy_sklad_api/./app.py:179]
2025-01-23 09:38:25,679 INFO: Headers: Host: 116.203.125.36:5000
Connection: keep-alive
Content-Length: 59
User-Agent: Mozilla/5.0 (Macintosh; Intel Mac OS X 10_15_7) AppleWebKit/537.36 (KHTML, like Gecko) Chrome/131.0.0.0 Safari/537.36
Dnt: 1
Content-Type: application/json
Accept: */*
Origin: http://116.203.125.36:5000
Referer: http://116.203.125.36:5000/
Accept-Encoding: gzip, deflate
Accept-Language: en-US,en;q=0.9,ru;q=0.8
Cookie: PHPSESSID=ofqd1f7kp58v9210jvvdke9523; session=.eJyrVkpMTk4tLo4vyc9OzVOyUjIwSkozSjI1MkqzTEoyNzM3NDIxTTJMtjAyTbVMMTOzTDRPTjG1MExU0lHKJUtXaXFqUXxmipKVUS0AGIckSg.Z5HVQA.sOfWbUCR63GfqmChmx9VeGvsNi0

 [in /root/moy_sklad_api/./app.py:180]
2025-01-23 09:38:25,682 INFO: Data: b'{"access_token":"02bf2b522f9bb7671245b1c825e9d669a7cd581a"}' [in /root/moy_sklad_api/./app.py:181]
2025-01-23 09:38:25,683 INFO: Получены JSON данные [in /root/moy_sklad_api/./app.py:191]
2025-01-23 09:38:25,683 INFO: Попытка авторизации по токену [in /root/moy_sklad_api/./app.py:206]
2025-01-23 09:38:25,698 INFO: Токен успешно сохранен в сессии [in /root/moy_sklad_api/./app.py:216]
2025-01-23 09:38:25,708 INFO: Токен сохранен в базе данных [in /root/moy_sklad_api/./app.py:225]
2025-01-23 09:43:28,574 INFO: Получены данные для сохранения токена [in /root/moy_sklad_api/./app.py:179]
2025-01-23 09:43:28,577 INFO: Headers: Host: 116.203.125.36:5000
Connection: keep-alive
Content-Length: 59
User-Agent: Mozilla/5.0 (Macintosh; Intel Mac OS X 10_15_7) AppleWebKit/537.36 (KHTML, like Gecko) Chrome/131.0.0.0 Safari/537.36
Dnt: 1
Content-Type: application/json
Accept: */*
Origin: http://116.203.125.36:5000
Referer: http://116.203.125.36:5000/
Accept-Encoding: gzip, deflate
Accept-Language: en-US,en;q=0.9,ru;q=0.8
Cookie: PHPSESSID=ofqd1f7kp58v9210jvvdke9523; session=.eJyrVkpMTk4tLo4vyc9OzVOyUjIwSkozSjI1MkqzTEoyNzM3NDIxTTJMtjAyTbVMMTOzTDRPTjG1MExU0lHKJUtXaXFqUXxmipKVUS0AGIckSg.Z5HV0Q.hJEUcfCwQl8PGEeSpkhrJ0PDLOA

 [in /root/moy_sklad_api/./app.py:180]
2025-01-23 09:43:28,582 INFO: Data: b'{"access_token":"02bf2b522f9bb7671245b1c825e9d669a7cd581a"}' [in /root/moy_sklad_api/./app.py:181]
2025-01-23 09:43:28,583 INFO: Получены JSON данные [in /root/moy_sklad_api/./app.py:191]
2025-01-23 09:43:28,585 INFO: Попытка авторизации по токену [in /root/moy_sklad_api/./app.py:206]
2025-01-23 09:43:28,605 INFO: Токен успешно сохранен в сессии [in /root/moy_sklad_api/./app.py:216]
2025-01-23 09:43:28,613 INFO: Токен сохранен в базе данных [in /root/moy_sklad_api/./app.py:225]
2025-01-23 09:43:56,609 INFO: Получены данные для сохранения токена [in /root/moy_sklad_api/./app.py:179]
2025-01-23 09:43:56,612 INFO: Headers: Host: 116.203.125.36:5000
Connection: keep-alive
Content-Length: 59
User-Agent: Mozilla/5.0 (Macintosh; Intel Mac OS X 10_15_7) AppleWebKit/537.36 (KHTML, like Gecko) Chrome/131.0.0.0 Safari/537.36
Dnt: 1
Content-Type: application/json
Accept: */*
Origin: http://116.203.125.36:5000
Referer: http://116.203.125.36:5000/
Accept-Encoding: gzip, deflate
Accept-Language: en-US,en;q=0.9,ru;q=0.8
Cookie: PHPSESSID=ofqd1f7kp58v9210jvvdke9523; session=.eJyrVkpMTk4tLo4vyc9OzVOyUjIwSkozSjI1MkqzTEoyNzM3NDIxTTJMtjAyTbVMMTOzTDRPTjG1MExU0lHKJUtXaXFqUXxmipKVUS0AGIckSg.Z5HXAA.JLNT-g_Ew7JTN7Mi-iklc1EAQrM

 [in /root/moy_sklad_api/./app.py:180]
2025-01-23 09:43:56,615 INFO: Data: b'{"access_token":"02bf2b522f9bb7671245b1c825e9d669a7cd581a"}' [in /root/moy_sklad_api/./app.py:181]
2025-01-23 09:43:56,617 INFO: Получены JSON данные [in /root/moy_sklad_api/./app.py:191]
2025-01-23 09:43:56,618 INFO: Попытка авторизации по токену [in /root/moy_sklad_api/./app.py:206]
2025-01-23 09:43:56,634 INFO: Токен успешно сохранен в сессии [in /root/moy_sklad_api/./app.py:216]
2025-01-23 09:43:56,642 INFO: Токен сохранен в базе данных [in /root/moy_sklad_api/./app.py:225]
