[2025-01-15 10:22:10,857] INFO in app: Проверка статуса авторизации
[2025-01-15 10:22:10,860] WARNING in app: Пользователь не авторизован (нет user_id в сессии)
[2025-01-15 10:22:24,231] WARNING in app: Ошибка авторизации для пользователя admin@itg73
[2025-01-15 10:22:27,132] INFO in app: Попытка получения списка приемок
[2025-01-15 10:22:27,136] WARNING in app: Попытка получения приемок без авторизации
[2025-01-15 10:24:48,270] INFO in app: Проверка статуса авторизации
[2025-01-15 10:24:48,273] WARNING in app: Пользователь не авторизован (нет user_id в сессии)
[2025-01-15 10:24:59,471] INFO in app: Попытка авторизации по токену
[2025-01-15 10:24:59,760] WARNING in app: Ошибка проверки токена: 401
[2025-01-15 10:29:20,093] INFO in app: Попытка авторизации по токену
[2025-01-15 10:29:20,360] ERROR in app: Ошибка при получении токена: Could not determine join condition between parent/child tables on relationship User.tokens - there are no foreign keys linking these tables.  Ensure that referencing columns are associated with a ForeignKey or ForeignKeyConstraint, or specify a 'primaryjoin' expression.
[2025-01-15 10:30:35,130] INFO in app: Проверка статуса авторизации
[2025-01-15 10:30:35,137] WARNING in app: Пользователь не авторизован (нет user_id в сессии)
[2025-01-15 10:31:00,933] INFO in app: Попытка авторизации по токену
[2025-01-15 10:31:01,331] INFO in app: Успешная авторизация по токену для пользователя unknown@user
[2025-01-15 10:31:03,593] INFO in app: Попытка получения списка приемок
[2025-01-15 10:31:03,647] INFO in app: Отправка запроса к API МойСклад для пользователя unknown@user
[2025-01-15 10:31:04,105] INFO in app: Успешно получен список приемок для пользователя unknown@user
[2025-01-15 10:31:39,653] INFO in app: Проверка статуса авторизации
[2025-01-15 10:31:39,694] INFO in app: Успешная проверка авторизации для пользователя unknown@user
[2025-01-15 10:31:55,486] INFO in app: Попытка авторизации по токену
[2025-01-15 10:31:55,834] INFO in app: Успешная авторизация по токену для пользователя unknown@user
[2025-01-15 10:31:57,195] INFO in app: Попытка получения списка приемок
[2025-01-15 10:31:57,223] INFO in app: Отправка запроса к API МойСклад для пользователя unknown@user
[2025-01-15 10:31:57,639] INFO in app: Успешно получен список приемок для пользователя unknown@user
[2025-01-22 23:09:34,721] INFO in app: Проверка статуса авторизации
[2025-01-22 23:09:34,756] WARNING in app: Токен истек для пользователя unknown@user
